<?xml version="1.0" encoding="UTF-8"?>
<!-- Generated by org.testng.reporters.JUnitXMLReporter -->
<testsuite ignored="0" hostname="DESKTOP-1EIV60U" failures="1" tests="1" name="SafariTest" time="27.975" errors="0" timestamp="2022-11-16T12:57:44 IST">
  <testcase classname="TestCase.TestCollectionPage" name="abc" time="6.355">
    <failure type="java.lang.AssertionError" message="failed to click on AddToCart expected [true] but found [false]">
      <![CDATA[java.lang.AssertionError: failed to click on AddToCart expected [true] but found [false]
at TestCase.TestCollectionPage.abc(TestCollectionPage.java:35)
at java.base/java.util.ArrayList.forEach(ArrayList.java:1511)
at java.base/java.util.concurrent.FutureTask.run(FutureTask.java:264)
at java.base/java.util.concurrent.ThreadPoolExecutor.runWorker(ThreadPoolExecutor.java:1136)
at java.base/java.util.concurrent.ThreadPoolExecutor$Worker.run(ThreadPoolExecutor.java:635)
at java.base/java.lang.Thread.run(Thread.java:833)
... Removed 23 stack frames]]>
    </failure>
  </testcase> <!-- abc -->
</testsuite> <!-- SafariTest -->
